0 info it worked if it ends with ok
1 verbose cli [ '/home/bkinsey/.nvm/versions/node/v6.9.1/bin/node',
1 verbose cli   '/home/bkinsey/.nvm/versions/node/v6.9.1/bin/npm',
1 verbose cli   'run',
1 verbose cli   'commit' ]
2 info using npm@3.10.8
3 info using node@v6.9.1
4 verbose run-script [ 'precommit', 'commit', 'postcommit' ]
5 info lifecycle angular-offline-first-graphql@0.0.1~precommit: angular-offline-first-graphql@0.0.1
6 silly lifecycle angular-offline-first-graphql@0.0.1~precommit: no script for precommit, continuing
7 info lifecycle angular-offline-first-graphql@0.0.1~commit: angular-offline-first-graphql@0.0.1
8 verbose lifecycle angular-offline-first-graphql@0.0.1~commit: unsafe-perm in lifecycle true
9 verbose lifecycle angular-offline-first-graphql@0.0.1~commit: PATH: /home/bkinsey/.nvm/versions/node/v6.9.1/lib/node_modules/npm/bin/node-gyp-bin:/home/bkinsey/opt/gh/bkinsey808/angular-offline-first-graphql/node_modules/.bin:/home/bkinsey/.nvm/versions/node/v6.9.1/bin:/home/bkinsey/.sdkman/candidates/groovy/current/bin:/home/bkinsey/.sdkman/candidates/gradle/current/bin:/usr/local/sbin:/usr/local/bin:/usr/sbin:/usr/bin:/sbin:/bin:/usr/games:/usr/local/games:/snap/bin
10 verbose lifecycle angular-offline-first-graphql@0.0.1~commit: CWD: /home/bkinsey/opt/gh/bkinsey808/angular-offline-first-graphql
11 silly lifecycle angular-offline-first-graphql@0.0.1~commit: Args: [ '-c', 'git-cz' ]
12 silly lifecycle angular-offline-first-graphql@0.0.1~commit: Returned: code: 1  signal: null
13 info lifecycle angular-offline-first-graphql@0.0.1~commit: Failed to exec commit script
14 verbose stack Error: angular-offline-first-graphql@0.0.1 commit: `git-cz`
14 verbose stack Exit status 1
14 verbose stack     at EventEmitter.<anonymous> (/home/bkinsey/.nvm/versions/node/v6.9.1/lib/node_modules/npm/lib/utils/lifecycle.js:255:16)
14 verbose stack     at emitTwo (events.js:106:13)
14 verbose stack     at EventEmitter.emit (events.js:191:7)
14 verbose stack     at ChildProcess.<anonymous> (/home/bkinsey/.nvm/versions/node/v6.9.1/lib/node_modules/npm/lib/utils/spawn.js:40:14)
14 verbose stack     at emitTwo (events.js:106:13)
14 verbose stack     at ChildProcess.emit (events.js:191:7)
14 verbose stack     at maybeClose (internal/child_process.js:877:16)
14 verbose stack     at Process.ChildProcess._handle.onexit (internal/child_process.js:226:5)
15 verbose pkgid angular-offline-first-graphql@0.0.1
16 verbose cwd /home/bkinsey/opt/gh/bkinsey808/angular-offline-first-graphql
17 error Linux 4.7.0-040700-generic
18 error argv "/home/bkinsey/.nvm/versions/node/v6.9.1/bin/node" "/home/bkinsey/.nvm/versions/node/v6.9.1/bin/npm" "run" "commit"
19 error node v6.9.1
20 error npm  v3.10.8
21 error code ELIFECYCLE
22 error angular-offline-first-graphql@0.0.1 commit: `git-cz`
22 error Exit status 1
23 error Failed at the angular-offline-first-graphql@0.0.1 commit script 'git-cz'.
23 error Make sure you have the latest version of node.js and npm installed.
23 error If you do, this is most likely a problem with the angular-offline-first-graphql package,
23 error not with npm itself.
23 error Tell the author that this fails on your system:
23 error     git-cz
23 error You can get information on how to open an issue for this project with:
23 error     npm bugs angular-offline-first-graphql
23 error Or if that isn't available, you can get their info via:
23 error     npm owner ls angular-offline-first-graphql
23 error There is likely additional logging output above.
24 verbose exit [ 1, true ]
